TN:
SF:src/core/AuthorManager.sol
DA:21,10
FN:21,AuthorManager.constructor
FNDA:10,AuthorManager.constructor
DA:22,10
BRDA:22,0,0,-
BRDA:22,0,1,10
DA:23,10
DA:27,9
FN:27,AuthorManager.setDonationTarget
FNDA:9,AuthorManager.setDonationTarget
DA:28,9
DA:29,9
BRDA:29,1,0,1
BRDA:29,1,1,8
DA:30,8
BRDA:30,2,0,1
BRDA:30,2,1,7
DA:33,7
BRDA:33,3,0,1
BRDA:33,3,1,6
DA:35,6
DA:37,6
BRDA:37,4,0,6
DA:38,6
DA:41,6
DA:45,2
FN:45,AuthorManager.removeDonationTarget
FNDA:2,AuthorManager.removeDonationTarget
DA:46,2
DA:47,2
BRDA:47,5,0,1
BRDA:47,5,1,1
DA:49,1
DA:50,1
DA:52,1
DA:56,2
FN:56,AuthorManager.withdraw
FNDA:2,AuthorManager.withdraw
DA:57,2
DA:58,2
DA:59,2
BRDA:59,6,0,1
BRDA:59,6,1,1
DA:61,1
DA:62,1
DA:64,1
DA:68,4
FN:68,AuthorManager.deposit
FNDA:4,AuthorManager.deposit
DA:69,4
BRDA:69,7,0,1
BRDA:69,7,1,3
DA:70,3
BRDA:70,8,0,1
BRDA:70,8,1,2
DA:72,2
DA:73,2
DA:77,3
FN:77,AuthorManager.getAuthorDonationTargets
FNDA:3,AuthorManager.getAuthorDonationTargets
DA:83,3
DA:84,3
DA:86,3
DA:87,3
DA:89,3
DA:90,2
DA:91,2
DA:92,2
DA:97,8
FN:97,AuthorManager._isTargetExists
FNDA:8,AuthorManager._isTargetExists
DA:98,8
DA:99,5
BRDA:99,9,0,1
DA:100,1
DA:103,7
DA:107,1
FN:107,AuthorManager._removeTarget
FNDA:1,AuthorManager._removeTarget
DA:108,1
DA:110,1
DA:111,1
BRDA:111,10,0,1
DA:112,1
DA:113,1
DA:114,1
FNF:8
FNH:8
LF:51
LH:51
BRF:19
BRH:18
end_of_record
TN:
SF:src/core/ContentAccess.sol
DA:17,4
FN:17,ContentAccess.grantAccess
FNDA:4,ContentAccess.grantAccess
DA:18,4
DA:19,4
DA:22,3
FN:22,ContentAccess.grantTimedAccess
FNDA:3,ContentAccess.grantTimedAccess
DA:23,3
BRDA:23,0,0,1
BRDA:23,0,1,2
DA:24,2
DA:25,2
DA:28,2
FN:28,ContentAccess.revokeAccess
FNDA:2,ContentAccess.revokeAccess
DA:29,2
DA:30,2
DA:33,3
FN:33,ContentAccess.checkAccess
FNDA:3,ContentAccess.checkAccess
DA:34,3
DA:35,3
BRDA:35,1,0,-
DA:36,0
DA:38,3
BRDA:38,2,0,2
DA:39,2
DA:41,1
DA:44,3
FN:44,ContentAccess.checkTimedAccess
FNDA:3,ContentAccess.checkTimedAccess
DA:50,3
DA:51,3
DA:53,3
FNF:5
FNH:5
LF:21
LH:20
BRF:4
BRH:3
end_of_record
TN:
SF:src/core/MetadataManager.sol
DA:20,2
FN:20,MetadataManager.validateAndLog
FNDA:2,MetadataManager.validateAndLog
DA:21,2
DA:23,1
DA:33,1
FNF:1
FNH:1
LF:4
LH:4
BRF:0
BRH:0
end_of_record
TN:
SF:src/core/PaymentManager.sol
DA:16,0
FN:16,PaymentManager.constructor
FNDA:0,PaymentManager.constructor
DA:17,0
BRDA:17,0,0,-
BRDA:17,0,1,-
DA:18,0
BRDA:18,1,0,-
BRDA:18,1,1,-
DA:20,0
DA:23,0
DA:24,0
DA:28,0
FN:28,PaymentManager.receive
FNDA:0,PaymentManager.receive
DA:29,0
DA:32,0
FN:32,PaymentManager.fallback
FNDA:0,PaymentManager.fallback
DA:33,0
DA:43,0
FN:43,PaymentManager.transferFunds
FNDA:0,PaymentManager.transferFunds
DA:48,0
BRDA:48,2,0,-
BRDA:48,2,1,-
DA:49,0
BRDA:49,3,0,-
BRDA:49,3,1,-
DA:50,0
BRDA:50,4,0,-
BRDA:50,4,1,-
DA:52,0
DA:53,0
BRDA:53,5,0,-
BRDA:53,5,1,-
DA:55,0
DA:63,0
FN:63,PaymentManager.updateTreasury
FNDA:0,PaymentManager.updateTreasury
DA:64,0
BRDA:64,6,0,-
BRDA:64,6,1,-
DA:65,0
DA:67,0
DA:74,0
FN:74,PaymentManager.withdrawToTreasury
FNDA:0,PaymentManager.withdrawToTreasury
DA:75,0
DA:76,0
BRDA:76,7,0,-
BRDA:76,7,1,-
DA:78,0
DA:79,0
BRDA:79,8,0,-
BRDA:79,8,1,-
DA:81,0
DA:88,0
FN:88,PaymentManager.getContractBalance
FNDA:0,PaymentManager.getContractBalance
DA:89,0
FNF:7
FNH:0
LF:29
LH:0
BRF:18
BRH:0
end_of_record
TN:
SF:src/core/PlatformAdmin.sol
DA:22,37
FN:22,PlatformAdmin.constructor
FNDA:37,PlatformAdmin.constructor
DA:23,37
DA:24,37
DA:28,4
FN:28,PlatformAdmin.onlyPlatformAdmin
FNDA:4,PlatformAdmin.onlyPlatformAdmin
DA:29,4
DA:30,4
DA:31,4
DA:36,6
FN:36,PlatformAdmin.verifyAuthor
FNDA:6,PlatformAdmin.verifyAuthor
DA:37,5
BRDA:37,0,0,-
BRDA:37,0,1,5
DA:38,5
DA:39,5
DA:43,4
FN:43,PlatformAdmin.revokeAuthor
FNDA:4,PlatformAdmin.revokeAuthor
DA:44,3
BRDA:44,1,0,-
BRDA:44,1,1,3
DA:45,3
DA:46,3
DA:50,7
FN:50,PlatformAdmin.isVerifiedAuthor
FNDA:7,PlatformAdmin.isVerifiedAuthor
DA:51,7
DA:55,12
FN:55,PlatformAdmin.setDonationTarget
FNDA:12,PlatformAdmin.setDonationTarget
DA:56,11
DA:57,11
DA:58,11
DA:59,11
DA:62,11
BRDA:62,2,0,-
BRDA:62,2,1,11
DA:63,11
DA:66,11
BRDA:66,3,0,1
BRDA:66,3,1,10
DA:67,10
BRDA:67,4,0,1
BRDA:67,4,1,9
DA:70,9
BRDA:70,5,0,1
BRDA:70,5,1,8
DA:72,8
DA:73,8
DA:74,8
DA:75,8
DA:77,8
DA:78,8
DA:79,8
DA:81,8
DA:82,8
DA:86,0
FN:86,PlatformAdmin.getPlatformDonationTargets
FNDA:0,PlatformAdmin.getPlatformDonationTargets
DA:87,0
DA:88,0
DA:89,0
DA:91,0
DA:92,0
DA:95,0
DA:100,17
FN:100,PlatformAdmin.setDonationTargets
FNDA:17,PlatformAdmin.setDonationTargets
DA:101,16
BRDA:101,6,0,1
BRDA:101,6,1,15
DA:102,15
DA:103,15
DA:106,15
DA:107,15
DA:108,11
DA:112,15
DA:113,15
DA:114,11
DA:115,11
DA:116,11
DA:117,11
DA:119,15
DA:122,15
DA:123,15
DA:124,22
DA:125,22
DA:127,22
BRDA:127,7,0,-
BRDA:127,7,1,22
DA:129,22
BRDA:129,8,0,22
BRDA:129,8,1,-
DA:130,22
DA:131,22
DA:132,22
DA:133,22
DA:135,0
DA:140,15
DA:141,15
DA:142,22
DA:145,15
DA:146,15
DA:150,13
FN:150,PlatformAdmin.getDonationTargets
FNDA:13,PlatformAdmin.getDonationTargets
DA:151,13
DA:155,5
FN:155,PlatformAdmin.getDonationTargetsAndPercentages
FNDA:5,PlatformAdmin.getDonationTargetsAndPercentages
DA:156,5
DA:157,5
DA:158,5
DA:160,5
DA:161,6
DA:162,6
DA:165,5
DA:168,1
FN:168,PlatformAdmin.addPlatformAdmin
FNDA:1,PlatformAdmin.addPlatformAdmin
DA:169,1
BRDA:169,9,0,-
BRDA:169,9,1,1
DA:170,1
DA:173,1
FN:173,PlatformAdmin.removePlatformAdmin
FNDA:1,PlatformAdmin.removePlatformAdmin
DA:174,1
BRDA:174,10,0,-
BRDA:174,10,1,1
DA:175,1
DA:178,3
FN:178,PlatformAdmin.getValidAuthor
FNDA:3,PlatformAdmin.getValidAuthor
DA:179,0
BRDA:179,11,0,-
BRDA:179,11,1,3
DA:180,0
DA:182,3
FNF:13
FNH:12
LF:93
LH:83
BRF:24
BRH:16
end_of_record
TN:
SF:src/core/RoyaltyManager.sol
DA:24,11
FN:24,RoyaltyManager.constructor
FNDA:11,RoyaltyManager.constructor
DA:31,11
BRDA:31,0,0,-
BRDA:31,0,1,11
DA:32,11
BRDA:32,1,0,-
BRDA:32,1,1,11
DA:33,11
BRDA:33,2,0,-
BRDA:33,2,1,11
DA:35,11
DA:36,11
DA:37,11
DA:38,11
DA:39,11
DA:41,11
DA:45,2
FN:45,RoyaltyManager.setFees
FNDA:2,RoyaltyManager.setFees
DA:46,2
BRDA:46,3,0,-
BRDA:46,3,1,2
DA:47,2
BRDA:47,4,0,1
BRDA:47,4,1,1
DA:48,1
BRDA:48,5,0,-
BRDA:48,5,1,1
DA:50,1
DA:51,1
DA:52,1
DA:54,1
DA:58,4
FN:58,RoyaltyManager.distributePrimarySale
FNDA:4,RoyaltyManager.distributePrimarySale
DA:59,4
DA:60,4
DA:61,4
DA:62,4
DA:63,4
DA:65,4
BRDA:65,6,0,1
BRDA:65,6,1,3
DA:68,3
DA:69,3
DA:72,3
DA:73,3
DA:74,3
DA:75,3
DA:76,3
DA:77,3
DA:80,3
DA:81,2
DA:83,2
DA:84,1
DA:87,1
DA:88,1
DA:90,1
DA:91,1
DA:94,1
DA:95,1
DA:97,1
DA:103,1
DA:105,1
DA:106,1
DA:107,1
DA:108,1
DA:109,1
DA:110,1
DA:112,1
DA:113,1
DA:117,3
FN:117,RoyaltyManager.distributeAuthorDonations
FNDA:3,RoyaltyManager.distributeAuthorDonations
DA:118,3
DA:120,2
DA:121,2
DA:122,2
BRDA:122,7,0,2
DA:123,2
DA:124,2
DA:127,2
DA:131,1
FN:131,RoyaltyManager.distributePlatformDonations
FNDA:1,RoyaltyManager.distributePlatformDonations
DA:132,1
DA:134,1
DA:135,0
DA:136,0
BRDA:136,8,0,-
DA:137,0
DA:138,0
DA:141,1
DA:145,1
FN:145,RoyaltyManager.calculateSecondaryRoyalties
FNDA:1,RoyaltyManager.calculateSecondaryRoyalties
DA:151,2
BRDA:151,9,0,-
BRDA:151,9,1,2
DA:153,2
DA:154,2
DA:158,2
FN:158,RoyaltyManager.distributeSecondarySale
FNDA:2,RoyaltyManager.distributeSecondarySale
DA:159,2
BRDA:159,10,0,1
BRDA:159,10,1,1
DA:160,1
DA:162,1
DA:164,1
DA:165,1
DA:167,1
DA:171,1
FN:171,RoyaltyManager.updatePlatformDonationFee
FNDA:1,RoyaltyManager.updatePlatformDonationFee
DA:172,1
BRDA:172,11,0,-
BRDA:172,11,1,1
DA:173,1
BRDA:173,12,0,-
BRDA:173,12,1,1
DA:174,1
DA:178,2
FN:178,RoyaltyManager.getRoyaltyConfig
FNDA:2,RoyaltyManager.getRoyaltyConfig
DA:183,2
FNF:9
FNH:9
LF:86
LH:82
BRF:24
BRH:15
end_of_record
TN:
SF:src/libraries/MetadataLib.sol
DA:25,13
FN:25,MetadataLib.validateMetadata
FNDA:13,MetadataLib.validateMetadata
DA:30,13
BRDA:30,0,0,2
DA:31,2
DA:33,11
BRDA:33,1,0,1
DA:34,1
DA:36,10
BRDA:36,2,0,1
DA:37,1
DA:38,1
DA:40,9
BRDA:40,3,0,1
DA:41,1
DA:43,8
BRDA:43,4,0,1
DA:44,1
DA:46,7
BRDA:46,5,0,1
DA:47,1
DA:50,6
DA:53,10
FN:53,MetadataLib.isValidURI
FNDA:10,MetadataLib.isValidURI
DA:54,10
DA:56,10
DA:59,10
DA:60,9
DA:62,10
DA:65,10
DA:66,0
DA:68,10
DA:71,2
FN:71,MetadataLib.formatMetadata
FNDA:2,MetadataLib.formatMetadata
DA:72,2
FNF:3
FNH:3
LF:26
LH:25
BRF:6
BRH:6
end_of_record
TN:
SF:src/libraries/RoyaltyLib.sol
DA:7,4
FN:7,RoyaltyLib.calculateRoyalties
FNDA:4,RoyaltyLib.calculateRoyalties
DA:12,4
DA:14,2
DA:15,2
DA:16,2
DA:20,0
DA:23,4
FN:23,RoyaltyLib.validateFees
FNDA:4,RoyaltyLib.validateFees
DA:24,4
BRDA:24,0,0,2
DA:25,2
DA:27,2
BRDA:27,1,0,-
DA:28,0
FNF:2
FNH:2
LF:11
LH:9
BRF:2
BRH:1
end_of_record
TN:
SF:src/utility/CrossChainBridge.sol
DA:31,0
FN:31,CrossChainBridge.constructor
FNDA:0,CrossChainBridge.constructor
DA:32,0
BRDA:32,0,0,-
BRDA:32,0,1,-
DA:33,0
BRDA:33,1,0,-
BRDA:33,1,1,-
DA:35,0
DA:36,0
DA:37,0
DA:39,0
DA:40,0
DA:50,0
FN:50,CrossChainBridge.transferNFT
FNDA:0,CrossChainBridge.transferNFT
DA:51,0
BRDA:51,2,0,-
BRDA:51,2,1,-
DA:52,0
BRDA:52,3,0,-
BRDA:52,3,1,-
DA:53,0
BRDA:53,4,0,-
BRDA:53,4,1,-
DA:56,0
BRDA:56,5,0,-
DA:57,0
DA:61,0
DA:64,0
DA:66,0
DA:73,0
FN:73,CrossChainBridge.receiveNFT
FNDA:0,CrossChainBridge.receiveNFT
DA:74,0
BRDA:74,6,0,-
BRDA:74,6,1,-
DA:75,0
BRDA:75,7,0,-
BRDA:75,7,1,-
DA:78,0
DA:81,0
DA:83,0
DA:89,0
FN:89,CrossChainBridge.getTransferStatus
FNDA:0,CrossChainBridge.getTransferStatus
DA:90,0
DA:99,0
FN:99,CrossChainBridge.updatePlatformAdmin
FNDA:0,CrossChainBridge.updatePlatformAdmin
DA:100,0
BRDA:100,8,0,-
BRDA:100,8,1,-
DA:101,0
FNF:5
FNH:0
LF:28
LH:0
BRF:17
BRH:0
end_of_record
TN:
SF:src/utility/PaymentHandler.sol
DA:27,4
FN:27,PaymentHandler.constructor
FNDA:4,PaymentHandler.constructor
DA:28,4
DA:29,4
DA:30,4
DA:31,4
DA:34,4
FN:34,PaymentHandler.processPayment
FNDA:4,PaymentHandler.processPayment
DA:39,4
BRDA:39,0,0,-
BRDA:39,0,1,4
DA:41,4
DA:42,4
BRDA:42,1,0,-
BRDA:42,1,1,4
DA:44,4
BRDA:44,2,0,2
BRDA:44,2,1,2
DA:45,2
BRDA:45,3,0,-
BRDA:45,3,1,2
DA:47,2
BRDA:47,4,0,-
BRDA:47,4,1,2
DA:51,4
DA:54,4
DA:55,4
DA:58,4
DA:59,4
DA:60,4
DA:63,4
DA:64,4
DA:67,4
BRDA:67,5,0,2
BRDA:67,5,1,2
DA:68,2
DA:70,2
DA:74,4
DA:76,4
DA:81,2
FN:81,PaymentHandler.withdraw
FNDA:2,PaymentHandler.withdraw
DA:82,2
DA:83,2
BRDA:83,6,0,-
BRDA:83,6,1,2
DA:84,2
DA:86,2
BRDA:86,7,0,1
BRDA:86,7,1,1
DA:87,1
DA:88,1
BRDA:88,8,0,-
BRDA:88,8,1,1
DA:90,1
BRDA:90,9,0,-
BRDA:90,9,1,1
DA:93,2
DA:97,4
FN:97,PaymentHandler._distributeAuthorDonations
FNDA:4,PaymentHandler._distributeAuthorDonations
DA:101,4
DA:103,4
DA:104,4
DA:105,4
BRDA:105,10,0,4
DA:106,4
BRDA:106,11,0,2
BRDA:106,11,1,2
DA:107,2
DA:109,2
DA:111,4
DA:112,4
DA:115,4
DA:121,2
FN:121,PaymentHandler.getAuthorBalance
FNDA:2,PaymentHandler.getAuthorBalance
DA:122,2
DA:127,4
FN:127,PaymentHandler._distributePlatformDonations
FNDA:4,PaymentHandler._distributePlatformDonations
DA:131,4
DA:133,4
DA:134,4
DA:135,4
BRDA:135,12,0,4
DA:136,4
BRDA:136,13,0,2
BRDA:136,13,1,2
DA:137,2
DA:139,2
DA:141,4
DA:142,4
DA:145,4
FNF:6
FNH:6
LF:58
LH:58
BRF:26
BRH:19
end_of_record
TN:
SF:test/TestPaymentHandler.t.sol
DA:15,4
FN:15,MockERC20.constructor
FNDA:4,MockERC20.constructor
DA:16,4
DA:27,4
FN:27,MockRoyaltyManager.getRoyaltyConfig
FNDA:4,MockRoyaltyManager.getRoyaltyConfig
DA:28,4
DA:31,0
FN:31,MockRoyaltyManager.setFees
FNDA:0,MockRoyaltyManager.setFees
DA:33,0
FN:33,MockRoyaltyManager.distributePrimarySale
FNDA:0,MockRoyaltyManager.distributePrimarySale
DA:35,0
FN:35,MockRoyaltyManager.distributeSecondarySale
FNDA:0,MockRoyaltyManager.distributeSecondarySale
DA:37,0
FN:37,MockRoyaltyManager.calculateSecondaryRoyalties
FNDA:0,MockRoyaltyManager.calculateSecondaryRoyalties
DA:38,0
DA:39,0
DA:42,0
FN:42,MockRoyaltyManager.updatePlatformDonationFee
FNDA:0,MockRoyaltyManager.updatePlatformDonationFee
DA:50,4
FN:50,MockAuthorManager.getAuthorDonationTargets
FNDA:4,MockAuthorManager.getAuthorDonationTargets
DA:51,4
DA:52,4
DA:53,4
DA:54,4
DA:55,4
DA:58,0
FN:58,MockAuthorManager.setDonationTarget
FNDA:0,MockAuthorManager.setDonationTarget
DA:59,0
FN:59,MockAuthorManager.removeDonationTarget
FNDA:0,MockAuthorManager.removeDonationTarget
DA:60,0
FN:60,MockAuthorManager.withdraw
FNDA:0,MockAuthorManager.withdraw
DA:61,0
FN:61,MockAuthorManager.deposit
FNDA:0,MockAuthorManager.deposit
DA:68,4
FN:68,MockPlatformAdmin.constructor
FNDA:4,MockPlatformAdmin.constructor
DA:70,4
DA:71,4
DA:74,4
FN:74,MockPlatformAdmin.getValidAuthor
FNDA:4,MockPlatformAdmin.getValidAuthor
DA:75,4
DA:78,0
FN:78,MockPlatformAdmin.verifyAuthor
FNDA:0,MockPlatformAdmin.verifyAuthor
DA:80,0
FN:80,MockPlatformAdmin.revokeAuthor
FNDA:0,MockPlatformAdmin.revokeAuthor
DA:82,0
FN:82,MockPlatformAdmin.isVerifiedAuthor
FNDA:0,MockPlatformAdmin.isVerifiedAuthor
DA:83,0
DA:86,0
FN:86,MockPlatformAdmin.setDonationTargets
FNDA:0,MockPlatformAdmin.setDonationTargets
DA:88,0
FN:88,MockPlatformAdmin.getDonationTargets
FNDA:0,MockPlatformAdmin.getDonationTargets
DA:89,0
DA:90,0
DA:93,4
FN:93,MockPlatformAdmin.getPlatformDonationTargets
FNDA:4,MockPlatformAdmin.getPlatformDonationTargets
DA:94,4
DA:106,4
FN:106,MockContentAccess.grantAccess
FNDA:4,MockContentAccess.grantAccess
DA:107,4
DA:111,0
FN:111,MockContentAccess.grantTimedAccess
FNDA:0,MockContentAccess.grantTimedAccess
DA:112,0
DA:113,0
DA:117,0
FN:117,MockContentAccess.revokeAccess
FNDA:0,MockContentAccess.revokeAccess
DA:118,0
DA:119,0
DA:123,0
FN:123,MockContentAccess.checkAccess
FNDA:0,MockContentAccess.checkAccess
DA:124,0
DA:128,0
FN:128,MockContentAccess.checkTimedAccess
FNDA:0,MockContentAccess.checkTimedAccess
DA:134,0
DA:135,0
DA:136,0
FNF:25
FNH:7
LF:50
LH:19
BRF:0
BRH:0
end_of_record
